<?xml version="1.0" encoding="UTF-8"?>
<!-- Generated by org.testng.reporters.JUnitReportReporter -->
<testsuite skipped="0" hostname="DHIRAJ-LAPTOP" name="testcases.Module10" tests="1" failures="0" timestamp="19 Feb 2020 00:46:40 GMT" time="11.724" errors="0">
  <testcase name="downloadMusicFile" time="11.724" classname="testcases.Module10"/>
</testsuite> <!-- testcases.Module10 -->
