<?xml version="1.0" encoding="UTF-8"?>
<!-- Generated by org.testng.reporters.JUnitReportReporter -->
<testsuite skipped="0" hostname="DHIRAJ-LAPTOP" name="testcasesnew.Module10New" tests="1" failures="0" timestamp="19 Feb 2020 15:35:35 GMT" time="11.336" errors="0">
  <testcase name="negativeScenariosTest" time="11.336" classname="testcasesnew.Module10New"/>
</testsuite> <!-- testcasesnew.Module10New -->
