<?xml version="1.0" encoding="UTF-8"?>
<!-- Generated by org.testng.reporters.JUnitReportReporter -->
<testsuite skipped="0" hostname="DHIRAJ-LAPTOP" name="testcases.PallaviCode" tests="1" failures="0" timestamp="19 Feb 2020 13:51:22 GMT" time="17.525" errors="0">
  <testcase name="name" time="17.525" classname="testcases.PallaviCode"/>
</testsuite> <!-- testcases.PallaviCode -->
