<?xml version="1.0" encoding="UTF-8"?>
<!-- Generated by org.testng.reporters.JUnitReportReporter -->
<testsuite skipped="0" hostname="DHIRAJ-LAPTOP" name="githubPractice.TestClass" tests="1" failures="0" timestamp="03 Apr 2020 15:07:23 GMT" time="0.018" errors="0">
  <testcase name="name" time="0.018" classname="githubPractice.TestClass"/>
</testsuite> <!-- githubPractice.TestClass -->
