<?xml version="1.0" encoding="UTF-8"?>
<!-- Generated by org.testng.reporters.JUnitReportReporter -->
<testsuite skipped="0" hostname="DHIRAJ-LAPTOP" name="testcasesnew.Module9_2New" tests="8" failures="0" timestamp="19 Feb 2020 15:12:35 GMT" time="55.381" errors="0">
  <testcase name="negativeScenariosTest" time="6.514" classname="testcasesnew.Module9_2New"/>
  <testcase name="negativeScenariosTest" time="6.664" classname="testcasesnew.Module9_2New"/>
  <testcase name="negativeScenariosTest" time="6.615" classname="testcasesnew.Module9_2New"/>
  <testcase name="negativeScenariosTest" time="7.369" classname="testcasesnew.Module9_2New"/>
  <testcase name="negativeScenariosTest" time="6.552" classname="testcasesnew.Module9_2New"/>
  <testcase name="negativeScenariosTest" time="6.963" classname="testcasesnew.Module9_2New"/>
  <testcase name="negativeScenariosTest" time="6.594" classname="testcasesnew.Module9_2New"/>
  <testcase name="negativeScenariosTest" time="8.110" classname="testcasesnew.Module9_2New"/>
</testsuite> <!-- testcasesnew.Module9_2New -->
