<?xml version="1.0" encoding="UTF-8"?>
<!-- Generated by org.testng.reporters.JUnitReportReporter -->
<testsuite skipped="0" hostname="DHIRAJ-LAPTOP" name="testcases.Module9" tests="12" failures="0" timestamp="19 Feb 2020 02:45:53 GMT" time="90.443" errors="0">
  <testcase name="negativeScenariosTest" time="8.086" classname="testcases.Module9"/>
  <testcase name="negativeScenariosTest" time="6.518" classname="testcases.Module9"/>
  <testcase name="negativeScenariosTest" time="7.935" classname="testcases.Module9"/>
  <testcase name="negativeScenariosTest" time="8.022" classname="testcases.Module9"/>
  <testcase name="negativeScenariosTest" time="8.086" classname="testcases.Module9"/>
  <testcase name="negativeScenariosTest" time="7.952" classname="testcases.Module9"/>
  <testcase name="negativeScenariosTest" time="6.464" classname="testcases.Module9"/>
  <testcase name="negativeScenariosTest" time="9.726" classname="testcases.Module9"/>
  <testcase name="negativeScenariosTest" time="6.476" classname="testcases.Module9"/>
  <testcase name="negativeScenariosTest" time="7.971" classname="testcases.Module9"/>
  <testcase name="negativeScenariosTest" time="6.476" classname="testcases.Module9"/>
  <testcase name="negativeScenariosTest" time="6.731" classname="testcases.Module9"/>
</testsuite> <!-- testcases.Module9 -->
