<?xml version="1.0" encoding="UTF-8"?>
<!-- Generated by org.testng.reporters.JUnitReportReporter -->
<testsuite skipped="0" hostname="DHIRAJ-LAPTOP" name="testcases.Module9_2" tests="8" failures="0" timestamp="19 Feb 2020 03:51:25 GMT" time="54.669" errors="0">
  <testcase name="negativeScenariosTest" time="6.599" classname="testcases.Module9_2"/>
  <testcase name="negativeScenariosTest" time="6.804" classname="testcases.Module9_2"/>
  <testcase name="negativeScenariosTest" time="7.354" classname="testcases.Module9_2"/>
  <testcase name="negativeScenariosTest" time="6.434" classname="testcases.Module9_2"/>
  <testcase name="negativeScenariosTest" time="6.577" classname="testcases.Module9_2"/>
  <testcase name="negativeScenariosTest" time="7.611" classname="testcases.Module9_2"/>
  <testcase name="negativeScenariosTest" time="6.760" classname="testcases.Module9_2"/>
  <testcase name="negativeScenariosTest" time="6.530" classname="testcases.Module9_2"/>
</testsuite> <!-- testcases.Module9_2 -->
