<?xml version="1.0" encoding="UTF-8"?>
<!-- Generated by org.testng.reporters.JUnitReportReporter -->
<testsuite skipped="0" hostname="DHIRAJ-LAPTOP" name="testcases.Module7" tests="1" failures="0" timestamp="18 Feb 2020 13:56:54 GMT" time="0.833" errors="0">
  <testcase name="validateText" time="0.833" classname="testcases.Module7"/>
</testsuite> <!-- testcases.Module7 -->
